<?xml version="1.0" encoding="UTF-8"?>
<!-- Generated by org.testng.reporters.JUnitReportReporter -->
<testsuite hostname="DESKTOP-E79RC3F" failures="0" tests="1" name="T2.PrintK" time="0.024" errors="0" timestamp="10 Dec 2020 15:38:24 GMT">
  <testcase classname="T2.PrintK" name="oldest" time="0.024"/>
</testsuite> <!-- T2.PrintK -->
