<?xml version="1.0" encoding="UTF-8"?>
<!-- Generated by org.testng.reporters.JUnitReportReporter -->
<testsuite hostname="DESKTOP-E79RC3F" failures="0" tests="2" name="SimpleTestNGClass" time="0.027" errors="0" timestamp="10 Dec 2020 08:40:36 GMT">
  <testcase classname="SimpleTestNGClass" name="printhi" time="0.007"/>
  <testcase classname="SimpleTestNGClass" name="printhello" time="0.020"/>
</testsuite> <!-- SimpleTestNGClass -->
